<?xml version="1.0" encoding="UTF-8"?>
<testng-results skipped="0" failed="0" ignored="0" total="1" passed="1">
  <reporter-output>
  </reporter-output>
  <suite name="Default suite" duration-ms="43289" started-at="2020-05-25T14:28:39Z" finished-at="2020-05-25T14:29:22Z">
    <groups>
    </groups>
    <test name="Default test" duration-ms="43289" started-at="2020-05-25T14:28:39Z" finished-at="2020-05-25T14:29:22Z">
      <class name="Classess.LunchtheBrowsers">
        <test-method status="PASS" signature="lunch()[pri:0, instance:Classess.LunchtheBrowsers@3bfdc050]" name="lunch" duration-ms="43242" started-at="2020-05-25T19:58:39Z" finished-at="2020-05-25T19:59:22Z">
          <reporter-output>
          </reporter-output>
        </test-method> <!-- lunch -->
      </class> <!-- Classess.LunchtheBrowsers -->
    </test> <!-- Default test -->
  </suite> <!-- Default suite -->
</testng-results>
